Warning: no gui enabled and no inital graph given
[1]myNode_1 entry returned
[1]myNode_1 entry returned
[1]myNode_1 entry returned
[1]myNode_1 entry returned
[1]myNode_1 entry returned
[1]myNode_1 entry returned
[1]myNode_1 entry returned
[1]myNode_1 entry returned
[1]myNode_1 entry returned
[1]myNode_1 entry returned
[1]myNode_1 entry returned
[1]myNode_1 entry returned
[8]myNode_8 setSender returned
[9]myNode_9 setSender returned
[7]myNode_7 setSender returned
[14]myNode_14 setSender returned
[12]myNode_12 setSender returned
[15]myNode_15 setSender returned
[19]myNode_19 setSender returned
[10]myNode_10 setSender returned
[13]myNode_13 setSender returned
[18]myNode_18 setSender returned
[5]myNode_5 setSender returned
[17]myNode_17 setSender returned
[3]myNode_3 setSender returned
[11]myNode_11 setSender returned
[6]myNode_6 setSender returned
[16]myNode_16 setSender returned
[4]myNode_4 setSender returned
[1]myNode_1 entry returned
[20]myNode_20 setSender returned
[1]myNode_1 entry returned
[1]myNode_1 entry returned
[1]myNode_1 entry returned
[1]myNode_1 entry returned
[1]myNode_1 entry returned
[1]myNode_1 entry returned
[1]myNode_1 setSender returned
[2]myNode_2 setSender returned
[12]myNode_12 insert returned
[12]myNode_12 insert returned
[12]myNode_12 insert returned
[12]myNode_12 insert returned
[12]myNode_12 insert returned
[13]myNode_13 insert returned
[13]myNode_13 insert returned
[13]myNode_13 insert returned
[13]myNode_13 insert returned
[13]myNode_13 insert returned
[6]myNode_6 insert returned
[6]myNode_6 insert returned
[6]myNode_6 insert returned
[6]myNode_6 insert returned
[6]myNode_6 insert returned
[16]myNode_16 42 in (diesem) Knoten 16 eingefuegt
[16]myNode_16 Hinterlegter Knoten: 15 Sender ID: 16
[16]myNode_16 insert returned
[16]myNode_16 42 in (diesem) Knoten 16 eingefuegt
[16]myNode_16 Hinterlegter Knoten: 15 Sender ID: 16
[16]myNode_16 insert returned
[16]myNode_16 42 in (diesem) Knoten 16 eingefuegt
[16]myNode_16 Hinterlegter Knoten: 15 Sender ID: 16
[16]myNode_16 insert returned
[16]myNode_16 42 in (diesem) Knoten 16 eingefuegt
[16]myNode_16 Hinterlegter Knoten: 15 Sender ID: 16
[16]myNode_16 insert returned
[16]myNode_16 42 in (diesem) Knoten 16 eingefuegt
[16]myNode_16 Hinterlegter Knoten: 15 Sender ID: 16
[16]myNode_16 insert returned
[16]myNode_16 42 in (diesem) Knoten 16 eingefuegt
[16]myNode_16 Hinterlegter Knoten: 15 Sender ID: 12
[16]myNode_16 42 in (diesem) Knoten 16 eingefuegt
[16]myNode_16 Hinterlegter Knoten: 15 Sender ID: 12
[16]myNode_16 42 in (diesem) Knoten 16 eingefuegt
[16]myNode_16 Hinterlegter Knoten: 15 Sender ID: 12
[16]myNode_16 42 in (diesem) Knoten 16 eingefuegt
[16]myNode_16 Hinterlegter Knoten: 15 Sender ID: 12
[16]myNode_16 42 in (diesem) Knoten 16 eingefuegt
[16]myNode_16 Hinterlegter Knoten: 15 Sender ID: 12
[9]myNode_9 insert returned
[9]myNode_9 insert returned
[9]myNode_9 insert returned
[9]myNode_9 insert returned
[9]myNode_9 insert returned
[5]myNode_5 insert returned
[5]myNode_5 insert returned
[5]myNode_5 insert returned
[5]myNode_5 insert returned
[5]myNode_5 insert returned
[1]myNode_1 insert returned
[1]myNode_1 insert returned
[1]myNode_1 insert returned
[1]myNode_1 insert returned
[1]myNode_1 insert returned
[10]myNode_10 insert returned
[10]myNode_10 insert returned
[10]myNode_10 insert returned
[10]myNode_10 insert returned
[10]myNode_10 insert returned
[15]myNode_15 insertQueue returned
[17]myNode_17 insert returned
[17]myNode_17 insert returned
[17]myNode_17 insert returned
[17]myNode_17 insert returned
[17]myNode_17 insert returned
[17]myNode_17 42 in (diesem) Knoten 17 eingefuegt
[17]myNode_17 Hinterlegter Knoten: 15 Sender ID: 16
[17]myNode_17 42 in (diesem) Knoten 17 eingefuegt
[17]myNode_17 Hinterlegter Knoten: 15 Sender ID: 16
[17]myNode_17 42 in (diesem) Knoten 17 eingefuegt
[17]myNode_17 Hinterlegter Knoten: 15 Sender ID: 16
[17]myNode_17 42 in (diesem) Knoten 17 eingefuegt
[17]myNode_17 Hinterlegter Knoten: 15 Sender ID: 16
[17]myNode_17 42 in (diesem) Knoten 17 eingefuegt
[17]myNode_17 Hinterlegter Knoten: 15 Sender ID: 16
[17]myNode_17 42 in (diesem) Knoten 17 eingefuegt
[17]myNode_17 Hinterlegter Knoten: 15 Sender ID: 12
[17]myNode_17 42 in (diesem) Knoten 17 eingefuegt
[17]myNode_17 Hinterlegter Knoten: 15 Sender ID: 12
[17]myNode_17 42 in (diesem) Knoten 17 eingefuegt
[17]myNode_17 Hinterlegter Knoten: 15 Sender ID: 12
[17]myNode_17 42 in (diesem) Knoten 17 eingefuegt
[17]myNode_17 Hinterlegter Knoten: 15 Sender ID: 12
[17]myNode_17 42 in (diesem) Knoten 17 eingefuegt
[17]myNode_17 Hinterlegter Knoten: 15 Sender ID: 12
[2]myNode_2 insert returned
[2]myNode_2 insert returned
[2]myNode_2 insert returned
[2]myNode_2 insert returned
[2]myNode_2 insert returned
[7]myNode_7 insert returned
[7]myNode_7 insert returned
[7]myNode_7 insert returned
[7]myNode_7 insert returned
[7]myNode_7 insert returned
[18]myNode_18 insert returned
[18]myNode_18 insert returned
[18]myNode_18 insert returned
[18]myNode_18 insert returned
[18]myNode_18 insert returned
[8]myNode_8 insert returned
[8]myNode_8 insert returned
[8]myNode_8 insert returned
[8]myNode_8 insert returned
[8]myNode_8 insert returned
[14]myNode_14 insert returned
[14]myNode_14 insert returned
[14]myNode_14 insert returned
[14]myNode_14 insert returned
[14]myNode_14 insert returned
[11]myNode_11 insert returned
[3]myNode_3 insert returned
[11]myNode_11 insert returned
[3]myNode_3 insert returned
[11]myNode_11 insert returned
[3]myNode_3 insert returned
[11]myNode_11 insert returned
[3]myNode_3 insert returned
[11]myNode_11 insert returned
[3]myNode_3 insert returned
[3]myNode_3 42 in (diesem) Knoten 3 eingefuegt
[3]myNode_3 Hinterlegter Knoten: 15 Sender ID: 16
[3]myNode_3 42 in (diesem) Knoten 3 eingefuegt
[3]myNode_3 Hinterlegter Knoten: 15 Sender ID: 16
[3]myNode_3 42 in (diesem) Knoten 3 eingefuegt
[3]myNode_3 Hinterlegter Knoten: 15 Sender ID: 16
[3]myNode_3 42 in (diesem) Knoten 3 eingefuegt
[3]myNode_3 Hinterlegter Knoten: 15 Sender ID: 16
[3]myNode_3 42 in (diesem) Knoten 3 eingefuegt
[3]myNode_3 Hinterlegter Knoten: 15 Sender ID: 16
[3]myNode_3 42 in (diesem) Knoten 3 eingefuegt
[3]myNode_3 Hinterlegter Knoten: 15 Sender ID: 12
[3]myNode_3 42 in (diesem) Knoten 3 eingefuegt
[3]myNode_3 Hinterlegter Knoten: 15 Sender ID: 12
[3]myNode_3 42 in (diesem) Knoten 3 eingefuegt
[3]myNode_3 Hinterlegter Knoten: 15 Sender ID: 12
[3]myNode_3 42 in (diesem) Knoten 3 eingefuegt
[3]myNode_3 Hinterlegter Knoten: 15 Sender ID: 12
[3]myNode_3 42 in (diesem) Knoten 3 eingefuegt
[3]myNode_3 Hinterlegter Knoten: 15 Sender ID: 12
[4]myNode_4 insert returned
[4]myNode_4 insert returned
[4]myNode_4 insert returned
[4]myNode_4 insert returned
[19]myNode_19 insert returned
[4]myNode_4 insert returned
[19]myNode_19 insert returned
[19]myNode_19 insert returned
[19]myNode_19 insert returned
[19]myNode_19 insert returned
[20]myNode_20 insert returned
[20]myNode_20 insert returned
[20]myNode_20 insert returned
[20]myNode_20 insert returned
[20]myNode_20 insert returned
[16]myNode_16 42 in (diesem) Knoten 16 eingefuegt
[16]myNode_16 Hinterlegter Knoten: 15 Sender ID: 9
[16]myNode_16 42 in (diesem) Knoten 16 eingefuegt
[16]myNode_16 Hinterlegter Knoten: 15 Sender ID: 9
[16]myNode_16 42 in (diesem) Knoten 16 eingefuegt
[16]myNode_16 Hinterlegter Knoten: 15 Sender ID: 9
[16]myNode_16 42 in (diesem) Knoten 16 eingefuegt
[16]myNode_16 Hinterlegter Knoten: 15 Sender ID: 9
[16]myNode_16 42 in (diesem) Knoten 16 eingefuegt
[16]myNode_16 Hinterlegter Knoten: 15 Sender ID: 9
[16]myNode_16 42 in (diesem) Knoten 16 eingefuegt
[16]myNode_16 Hinterlegter Knoten: 15 Sender ID: 13
[16]myNode_16 42 in (diesem) Knoten 16 eingefuegt
[16]myNode_16 Hinterlegter Knoten: 15 Sender ID: 13
[16]myNode_16 42 in (diesem) Knoten 16 eingefuegt
[16]myNode_16 Hinterlegter Knoten: 15 Sender ID: 13
[16]myNode_16 42 in (diesem) Knoten 16 eingefuegt
[16]myNode_16 Hinterlegter Knoten: 15 Sender ID: 13
[16]myNode_16 42 in (diesem) Knoten 16 eingefuegt
[16]myNode_16 Hinterlegter Knoten: 15 Sender ID: 13
[16]myNode_16 42 in (diesem) Knoten 16 eingefuegt
[16]myNode_16 Hinterlegter Knoten: 15 Sender ID: 6
[16]myNode_16 42 in (diesem) Knoten 16 eingefuegt
[16]myNode_16 Hinterlegter Knoten: 15 Sender ID: 6
[16]myNode_16 42 in (diesem) Knoten 16 eingefuegt
[16]myNode_16 Hinterlegter Knoten: 15 Sender ID: 6
[16]myNode_16 42 in (diesem) Knoten 16 eingefuegt
[16]myNode_16 Hinterlegter Knoten: 15 Sender ID: 6
[16]myNode_16 42 in (diesem) Knoten 16 eingefuegt
[16]myNode_16 Hinterlegter Knoten: 15 Sender ID: 6
[16]myNode_16 42 in (diesem) Knoten 16 eingefuegt
[16]myNode_16 Hinterlegter Knoten: 15 Sender ID: 5
[16]myNode_16 42 in (diesem) Knoten 16 eingefuegt
[16]myNode_16 Hinterlegter Knoten: 15 Sender ID: 5
[16]myNode_16 42 in (diesem) Knoten 16 eingefuegt
[16]myNode_16 Hinterlegter Knoten: 15 Sender ID: 5
[16]myNode_16 42 in (diesem) Knoten 16 eingefuegt
[16]myNode_16 Hinterlegter Knoten: 15 Sender ID: 5
[16]myNode_16 42 in (diesem) Knoten 16 eingefuegt
[16]myNode_16 Hinterlegter Knoten: 15 Sender ID: 5
[16]myNode_16 42 in (diesem) Knoten 16 eingefuegt
[16]myNode_16 Hinterlegter Knoten: 15 Sender ID: 17
[16]myNode_16 42 in (diesem) Knoten 16 eingefuegt
[16]myNode_16 Hinterlegter Knoten: 15 Sender ID: 17
[16]myNode_16 42 in (diesem) Knoten 16 eingefuegt
[16]myNode_16 Hinterlegter Knoten: 15 Sender ID: 17
[16]myNode_16 42 in (diesem) Knoten 16 eingefuegt
[16]myNode_16 Hinterlegter Knoten: 15 Sender ID: 17
[16]myNode_16 42 in (diesem) Knoten 16 eingefuegt
[16]myNode_16 Hinterlegter Knoten: 15 Sender ID: 17
[16]myNode_16 42 in (diesem) Knoten 16 eingefuegt
[16]myNode_16 Hinterlegter Knoten: 15 Sender ID: 2
[16]myNode_16 42 in (diesem) Knoten 16 eingefuegt
[16]myNode_16 Hinterlegter Knoten: 15 Sender ID: 2
[16]myNode_16 42 in (diesem) Knoten 16 eingefuegt
[16]myNode_16 Hinterlegter Knoten: 15 Sender ID: 2
[16]myNode_16 42 in (diesem) Knoten 16 eingefuegt
[16]myNode_16 Hinterlegter Knoten: 15 Sender ID: 2
[16]myNode_16 42 in (diesem) Knoten 16 eingefuegt
[16]myNode_16 Hinterlegter Knoten: 15 Sender ID: 2
[16]myNode_16 42 in (diesem) Knoten 16 eingefuegt
[16]myNode_16 Hinterlegter Knoten: 15 Sender ID: 10
[16]myNode_16 42 in (diesem) Knoten 16 eingefuegt
[16]myNode_16 Hinterlegter Knoten: 15 Sender ID: 10
[16]myNode_16 42 in (diesem) Knoten 16 eingefuegt
[16]myNode_16 Hinterlegter Knoten: 15 Sender ID: 10
[16]myNode_16 42 in (diesem) Knoten 16 eingefuegt
[16]myNode_16 Hinterlegter Knoten: 15 Sender ID: 10
[16]myNode_16 42 in (diesem) Knoten 16 eingefuegt
[16]myNode_16 Hinterlegter Knoten: 15 Sender ID: 10
[16]myNode_16 42 in (diesem) Knoten 16 eingefuegt
[16]myNode_16 Hinterlegter Knoten: 15 Sender ID: 11
[16]myNode_16 42 in (diesem) Knoten 16 eingefuegt
[16]myNode_16 Hinterlegter Knoten: 15 Sender ID: 11
[16]myNode_16 42 in (diesem) Knoten 16 eingefuegt
[16]myNode_16 Hinterlegter Knoten: 15 Sender ID: 11
[16]myNode_16 42 in (diesem) Knoten 16 eingefuegt
[16]myNode_16 Hinterlegter Knoten: 15 Sender ID: 11
[16]myNode_16 42 in (diesem) Knoten 16 eingefuegt
[16]myNode_16 Hinterlegter Knoten: 15 Sender ID: 11
[16]myNode_16 42 in (diesem) Knoten 16 eingefuegt
[16]myNode_16 Hinterlegter Knoten: 15 Sender ID: 19
[16]myNode_16 42 in (diesem) Knoten 16 eingefuegt
[16]myNode_16 Hinterlegter Knoten: 15 Sender ID: 19
[16]myNode_16 42 in (diesem) Knoten 16 eingefuegt
[16]myNode_16 Hinterlegter Knoten: 15 Sender ID: 19
[16]myNode_16 42 in (diesem) Knoten 16 eingefuegt
[16]myNode_16 Hinterlegter Knoten: 15 Sender ID: 19
[16]myNode_16 42 in (diesem) Knoten 16 eingefuegt
[16]myNode_16 Hinterlegter Knoten: 15 Sender ID: 19
[16]myNode_16 42 in (diesem) Knoten 16 eingefuegt
[16]myNode_16 Hinterlegter Knoten: 15 Sender ID: 18
[16]myNode_16 42 in (diesem) Knoten 16 eingefuegt
[16]myNode_16 Hinterlegter Knoten: 15 Sender ID: 18
[16]myNode_16 42 in (diesem) Knoten 16 eingefuegt
[16]myNode_16 Hinterlegter Knoten: 15 Sender ID: 18
[16]myNode_16 42 in (diesem) Knoten 16 eingefuegt
[16]myNode_16 Hinterlegter Knoten: 15 Sender ID: 18
[16]myNode_16 42 in (diesem) Knoten 16 eingefuegt
[16]myNode_16 Hinterlegter Knoten: 15 Sender ID: 18
[17]myNode_17 42 in (diesem) Knoten 17 eingefuegt
[17]myNode_17 Hinterlegter Knoten: 15 Sender ID: 9
[17]myNode_17 42 in (diesem) Knoten 17 eingefuegt
[17]myNode_17 Hinterlegter Knoten: 15 Sender ID: 9
[17]myNode_17 42 in (diesem) Knoten 17 eingefuegt
[17]myNode_17 Hinterlegter Knoten: 15 Sender ID: 9
[17]myNode_17 42 in (diesem) Knoten 17 eingefuegt
[17]myNode_17 Hinterlegter Knoten: 15 Sender ID: 9
[17]myNode_17 42 in (diesem) Knoten 17 eingefuegt
[17]myNode_17 Hinterlegter Knoten: 15 Sender ID: 9
[17]myNode_17 42 in (diesem) Knoten 17 eingefuegt
[17]myNode_17 Hinterlegter Knoten: 15 Sender ID: 13
[17]myNode_17 42 in (diesem) Knoten 17 eingefuegt
[17]myNode_17 Hinterlegter Knoten: 15 Sender ID: 13
[17]myNode_17 42 in (diesem) Knoten 17 eingefuegt
[17]myNode_17 Hinterlegter Knoten: 15 Sender ID: 13
[17]myNode_17 42 in (diesem) Knoten 17 eingefuegt
[17]myNode_17 Hinterlegter Knoten: 15 Sender ID: 13
[17]myNode_17 42 in (diesem) Knoten 17 eingefuegt
[17]myNode_17 Hinterlegter Knoten: 15 Sender ID: 13
[17]myNode_17 42 in (diesem) Knoten 17 eingefuegt
[17]myNode_17 Hinterlegter Knoten: 15 Sender ID: 6
[17]myNode_17 42 in (diesem) Knoten 17 eingefuegt
[17]myNode_17 Hinterlegter Knoten: 15 Sender ID: 6
[17]myNode_17 42 in (diesem) Knoten 17 eingefuegt
[17]myNode_17 Hinterlegter Knoten: 15 Sender ID: 6
[17]myNode_17 42 in (diesem) Knoten 17 eingefuegt
[17]myNode_17 Hinterlegter Knoten: 15 Sender ID: 6
[17]myNode_17 42 in (diesem) Knoten 17 eingefuegt
[17]myNode_17 Hinterlegter Knoten: 15 Sender ID: 6
[17]myNode_17 42 in (diesem) Knoten 17 eingefuegt
[17]myNode_17 Hinterlegter Knoten: 15 Sender ID: 5
[17]myNode_17 42 in (diesem) Knoten 17 eingefuegt
[17]myNode_17 Hinterlegter Knoten: 15 Sender ID: 5
[17]myNode_17 42 in (diesem) Knoten 17 eingefuegt
[17]myNode_17 Hinterlegter Knoten: 15 Sender ID: 5
[17]myNode_17 42 in (diesem) Knoten 17 eingefuegt
[17]myNode_17 Hinterlegter Knoten: 15 Sender ID: 5
[17]myNode_17 42 in (diesem) Knoten 17 eingefuegt
[17]myNode_17 Hinterlegter Knoten: 15 Sender ID: 5
[17]myNode_17 42 in (diesem) Knoten 17 eingefuegt
[17]myNode_17 Hinterlegter Knoten: 15 Sender ID: 17
[17]myNode_17 42 in (diesem) Knoten 17 eingefuegt
[17]myNode_17 Hinterlegter Knoten: 15 Sender ID: 17
[17]myNode_17 42 in (diesem) Knoten 17 eingefuegt
[17]myNode_17 Hinterlegter Knoten: 15 Sender ID: 17
[17]myNode_17 42 in (diesem) Knoten 17 eingefuegt
[17]myNode_17 Hinterlegter Knoten: 15 Sender ID: 17
[17]myNode_17 42 in (diesem) Knoten 17 eingefuegt
[17]myNode_17 Hinterlegter Knoten: 15 Sender ID: 17
[17]myNode_17 42 in (diesem) Knoten 17 eingefuegt
[17]myNode_17 Hinterlegter Knoten: 15 Sender ID: 2
[17]myNode_17 42 in (diesem) Knoten 17 eingefuegt
[17]myNode_17 Hinterlegter Knoten: 15 Sender ID: 2
[17]myNode_17 42 in (diesem) Knoten 17 eingefuegt
[17]myNode_17 Hinterlegter Knoten: 15 Sender ID: 2
[17]myNode_17 42 in (diesem) Knoten 17 eingefuegt
[17]myNode_17 Hinterlegter Knoten: 15 Sender ID: 2
[17]myNode_17 42 in (diesem) Knoten 17 eingefuegt
[17]myNode_17 Hinterlegter Knoten: 15 Sender ID: 2
[17]myNode_17 42 in (diesem) Knoten 17 eingefuegt
[17]myNode_17 Hinterlegter Knoten: 15 Sender ID: 10
[17]myNode_17 42 in (diesem) Knoten 17 eingefuegt
[17]myNode_17 Hinterlegter Knoten: 15 Sender ID: 10
[17]myNode_17 42 in (diesem) Knoten 17 eingefuegt
[17]myNode_17 Hinterlegter Knoten: 15 Sender ID: 10
[17]myNode_17 42 in (diesem) Knoten 17 eingefuegt
[17]myNode_17 Hinterlegter Knoten: 15 Sender ID: 10
[17]myNode_17 42 in (diesem) Knoten 17 eingefuegt
[17]myNode_17 Hinterlegter Knoten: 15 Sender ID: 10
[17]myNode_17 42 in (diesem) Knoten 17 eingefuegt
[17]myNode_17 Hinterlegter Knoten: 15 Sender ID: 11
[17]myNode_17 42 in (diesem) Knoten 17 eingefuegt
[17]myNode_17 Hinterlegter Knoten: 15 Sender ID: 11
[17]myNode_17 42 in (diesem) Knoten 17 eingefuegt
[17]myNode_17 Hinterlegter Knoten: 15 Sender ID: 11
[17]myNode_17 42 in (diesem) Knoten 17 eingefuegt
[17]myNode_17 Hinterlegter Knoten: 15 Sender ID: 11
[17]myNode_17 42 in (diesem) Knoten 17 eingefuegt
[17]myNode_17 Hinterlegter Knoten: 15 Sender ID: 11
[17]myNode_17 42 in (diesem) Knoten 17 eingefuegt
[17]myNode_17 Hinterlegter Knoten: 15 Sender ID: 19
[17]myNode_17 42 in (diesem) Knoten 17 eingefuegt
[17]myNode_17 Hinterlegter Knoten: 15 Sender ID: 19
[17]myNode_17 42 in (diesem) Knoten 17 eingefuegt
[17]myNode_17 Hinterlegter Knoten: 15 Sender ID: 19
[17]myNode_17 42 in (diesem) Knoten 17 eingefuegt
[17]myNode_17 Hinterlegter Knoten: 15 Sender ID: 19
[17]myNode_17 42 in (diesem) Knoten 17 eingefuegt
[17]myNode_17 Hinterlegter Knoten: 15 Sender ID: 19
[17]myNode_17 42 in (diesem) Knoten 17 eingefuegt
[17]myNode_17 Hinterlegter Knoten: 15 Sender ID: 18
[17]myNode_17 42 in (diesem) Knoten 17 eingefuegt
[17]myNode_17 Hinterlegter Knoten: 15 Sender ID: 18
[17]myNode_17 42 in (diesem) Knoten 17 eingefuegt
[17]myNode_17 Hinterlegter Knoten: 15 Sender ID: 18
[17]myNode_17 42 in (diesem) Knoten 17 eingefuegt
[17]myNode_17 Hinterlegter Knoten: 15 Sender ID: 18
[17]myNode_17 42 in (diesem) Knoten 17 eingefuegt
[17]myNode_17 Hinterlegter Knoten: 15 Sender ID: 18
[3]myNode_3 42 in (diesem) Knoten 3 eingefuegt
[3]myNode_3 Hinterlegter Knoten: 15 Sender ID: 9
[3]myNode_3 42 in (diesem) Knoten 3 eingefuegt
[3]myNode_3 Hinterlegter Knoten: 15 Sender ID: 9
[3]myNode_3 42 in (diesem) Knoten 3 eingefuegt
[3]myNode_3 Hinterlegter Knoten: 15 Sender ID: 9
[3]myNode_3 42 in (diesem) Knoten 3 eingefuegt
[3]myNode_3 Hinterlegter Knoten: 15 Sender ID: 9
[3]myNode_3 42 in (diesem) Knoten 3 eingefuegt
[3]myNode_3 Hinterlegter Knoten: 15 Sender ID: 9
[3]myNode_3 42 in (diesem) Knoten 3 eingefuegt
[3]myNode_3 Hinterlegter Knoten: 15 Sender ID: 13
[3]myNode_3 42 in (diesem) Knoten 3 eingefuegt
[3]myNode_3 Hinterlegter Knoten: 15 Sender ID: 13
[3]myNode_3 42 in (diesem) Knoten 3 eingefuegt
[3]myNode_3 Hinterlegter Knoten: 15 Sender ID: 13
[3]myNode_3 42 in (diesem) Knoten 3 eingefuegt
[3]myNode_3 Hinterlegter Knoten: 15 Sender ID: 13
[3]myNode_3 42 in (diesem) Knoten 3 eingefuegt
[3]myNode_3 Hinterlegter Knoten: 15 Sender ID: 13
[3]myNode_3 42 in (diesem) Knoten 3 eingefuegt
[3]myNode_3 Hinterlegter Knoten: 15 Sender ID: 6
[3]myNode_3 42 in (diesem) Knoten 3 eingefuegt
[3]myNode_3 Hinterlegter Knoten: 15 Sender ID: 6
[3]myNode_3 42 in (diesem) Knoten 3 eingefuegt
[3]myNode_3 Hinterlegter Knoten: 15 Sender ID: 6
[3]myNode_3 42 in (diesem) Knoten 3 eingefuegt
[3]myNode_3 Hinterlegter Knoten: 15 Sender ID: 6
[3]myNode_3 42 in (diesem) Knoten 3 eingefuegt
[3]myNode_3 Hinterlegter Knoten: 15 Sender ID: 6
[3]myNode_3 42 in (diesem) Knoten 3 eingefuegt
[3]myNode_3 Hinterlegter Knoten: 15 Sender ID: 5
[3]myNode_3 42 in (diesem) Knoten 3 eingefuegt
[3]myNode_3 Hinterlegter Knoten: 15 Sender ID: 5
[3]myNode_3 42 in (diesem) Knoten 3 eingefuegt
[3]myNode_3 Hinterlegter Knoten: 15 Sender ID: 5
[3]myNode_3 42 in (diesem) Knoten 3 eingefuegt
[3]myNode_3 Hinterlegter Knoten: 15 Sender ID: 5
[3]myNode_3 42 in (diesem) Knoten 3 eingefuegt
[3]myNode_3 Hinterlegter Knoten: 15 Sender ID: 5
[3]myNode_3 42 in (diesem) Knoten 3 eingefuegt
[3]myNode_3 Hinterlegter Knoten: 15 Sender ID: 17
[3]myNode_3 42 in (diesem) Knoten 3 eingefuegt
[3]myNode_3 Hinterlegter Knoten: 15 Sender ID: 17
[3]myNode_3 42 in (diesem) Knoten 3 eingefuegt
[3]myNode_3 Hinterlegter Knoten: 15 Sender ID: 17
[3]myNode_3 42 in (diesem) Knoten 3 eingefuegt
[3]myNode_3 Hinterlegter Knoten: 15 Sender ID: 17
[3]myNode_3 42 in (diesem) Knoten 3 eingefuegt
[3]myNode_3 Hinterlegter Knoten: 15 Sender ID: 17
[3]myNode_3 42 in (diesem) Knoten 3 eingefuegt
[3]myNode_3 Hinterlegter Knoten: 15 Sender ID: 2
[3]myNode_3 42 in (diesem) Knoten 3 eingefuegt
[3]myNode_3 Hinterlegter Knoten: 15 Sender ID: 2
[3]myNode_3 42 in (diesem) Knoten 3 eingefuegt
[3]myNode_3 Hinterlegter Knoten: 15 Sender ID: 2
[3]myNode_3 42 in (diesem) Knoten 3 eingefuegt
[3]myNode_3 Hinterlegter Knoten: 15 Sender ID: 2
[3]myNode_3 42 in (diesem) Knoten 3 eingefuegt
[3]myNode_3 Hinterlegter Knoten: 15 Sender ID: 2
[3]myNode_3 42 in (diesem) Knoten 3 eingefuegt
[3]myNode_3 Hinterlegter Knoten: 15 Sender ID: 10
[3]myNode_3 42 in (diesem) Knoten 3 eingefuegt
[3]myNode_3 Hinterlegter Knoten: 15 Sender ID: 10
[3]myNode_3 42 in (diesem) Knoten 3 eingefuegt
[3]myNode_3 Hinterlegter Knoten: 15 Sender ID: 10
[3]myNode_3 42 in (diesem) Knoten 3 eingefuegt
[3]myNode_3 Hinterlegter Knoten: 15 Sender ID: 10
[3]myNode_3 42 in (diesem) Knoten 3 eingefuegt
[3]myNode_3 Hinterlegter Knoten: 15 Sender ID: 10
[3]myNode_3 42 in (diesem) Knoten 3 eingefuegt
[3]myNode_3 Hinterlegter Knoten: 15 Sender ID: 11
[3]myNode_3 42 in (diesem) Knoten 3 eingefuegt
[3]myNode_3 Hinterlegter Knoten: 15 Sender ID: 11
[3]myNode_3 42 in (diesem) Knoten 3 eingefuegt
[3]myNode_3 Hinterlegter Knoten: 15 Sender ID: 11
[3]myNode_3 42 in (diesem) Knoten 3 eingefuegt
[3]myNode_3 Hinterlegter Knoten: 15 Sender ID: 11
[3]myNode_3 42 in (diesem) Knoten 3 eingefuegt
[3]myNode_3 Hinterlegter Knoten: 15 Sender ID: 11
[3]myNode_3 42 in (diesem) Knoten 3 eingefuegt
[3]myNode_3 Hinterlegter Knoten: 15 Sender ID: 19
[3]myNode_3 42 in (diesem) Knoten 3 eingefuegt
[3]myNode_3 Hinterlegter Knoten: 15 Sender ID: 19
[3]myNode_3 42 in (diesem) Knoten 3 eingefuegt
[3]myNode_3 Hinterlegter Knoten: 15 Sender ID: 19
[3]myNode_3 42 in (diesem) Knoten 3 eingefuegt
[3]myNode_3 Hinterlegter Knoten: 15 Sender ID: 19
[3]myNode_3 42 in (diesem) Knoten 3 eingefuegt
[3]myNode_3 Hinterlegter Knoten: 15 Sender ID: 19
[3]myNode_3 42 in (diesem) Knoten 3 eingefuegt
[3]myNode_3 Hinterlegter Knoten: 15 Sender ID: 18
[3]myNode_3 42 in (diesem) Knoten 3 eingefuegt
[3]myNode_3 Hinterlegter Knoten: 15 Sender ID: 18
[3]myNode_3 42 in (diesem) Knoten 3 eingefuegt
[3]myNode_3 Hinterlegter Knoten: 15 Sender ID: 18
[3]myNode_3 42 in (diesem) Knoten 3 eingefuegt
[3]myNode_3 Hinterlegter Knoten: 15 Sender ID: 18
[3]myNode_3 42 in (diesem) Knoten 3 eingefuegt
[3]myNode_3 Hinterlegter Knoten: 15 Sender ID: 18
[16]myNode_16 42 in (diesem) Knoten 16 eingefuegt
[16]myNode_16 Hinterlegter Knoten: 15 Sender ID: 7
[16]myNode_16 42 in (diesem) Knoten 16 eingefuegt
[16]myNode_16 Hinterlegter Knoten: 15 Sender ID: 7
[16]myNode_16 42 in (diesem) Knoten 16 eingefuegt
[16]myNode_16 Hinterlegter Knoten: 15 Sender ID: 7
[16]myNode_16 42 in (diesem) Knoten 16 eingefuegt
[16]myNode_16 Hinterlegter Knoten: 15 Sender ID: 7
[16]myNode_16 42 in (diesem) Knoten 16 eingefuegt
[16]myNode_16 Hinterlegter Knoten: 15 Sender ID: 7
[16]myNode_16 42 in (diesem) Knoten 16 eingefuegt
[16]myNode_16 Hinterlegter Knoten: 15 Sender ID: 1
[16]myNode_16 42 in (diesem) Knoten 16 eingefuegt
[16]myNode_16 Hinterlegter Knoten: 15 Sender ID: 1
[16]myNode_16 42 in (diesem) Knoten 16 eingefuegt
[16]myNode_16 Hinterlegter Knoten: 15 Sender ID: 1
[16]myNode_16 42 in (diesem) Knoten 16 eingefuegt
[16]myNode_16 Hinterlegter Knoten: 15 Sender ID: 1
[16]myNode_16 42 in (diesem) Knoten 16 eingefuegt
[16]myNode_16 Hinterlegter Knoten: 15 Sender ID: 1
[16]myNode_16 42 in (diesem) Knoten 16 eingefuegt
[16]myNode_16 Hinterlegter Knoten: 15 Sender ID: 4
[16]myNode_16 42 in (diesem) Knoten 16 eingefuegt
[16]myNode_16 Hinterlegter Knoten: 15 Sender ID: 4
[16]myNode_16 42 in (diesem) Knoten 16 eingefuegt
[16]myNode_16 Hinterlegter Knoten: 15 Sender ID: 4
[16]myNode_16 42 in (diesem) Knoten 16 eingefuegt
[16]myNode_16 Hinterlegter Knoten: 15 Sender ID: 4
[16]myNode_16 42 in (diesem) Knoten 16 eingefuegt
[16]myNode_16 Hinterlegter Knoten: 15 Sender ID: 4
[16]myNode_16 42 in (diesem) Knoten 16 eingefuegt
[16]myNode_16 Hinterlegter Knoten: 15 Sender ID: 8
[16]myNode_16 42 in (diesem) Knoten 16 eingefuegt
[16]myNode_16 Hinterlegter Knoten: 15 Sender ID: 8
[16]myNode_16 42 in (diesem) Knoten 16 eingefuegt
[16]myNode_16 Hinterlegter Knoten: 15 Sender ID: 8
[16]myNode_16 42 in (diesem) Knoten 16 eingefuegt
[16]myNode_16 Hinterlegter Knoten: 15 Sender ID: 8
[16]myNode_16 42 in (diesem) Knoten 16 eingefuegt
[16]myNode_16 Hinterlegter Knoten: 15 Sender ID: 8
[16]myNode_16 42 in (diesem) Knoten 16 eingefuegt
[16]myNode_16 Hinterlegter Knoten: 15 Sender ID: 3
[16]myNode_16 42 in (diesem) Knoten 16 eingefuegt
[16]myNode_16 Hinterlegter Knoten: 15 Sender ID: 3
[16]myNode_16 42 in (diesem) Knoten 16 eingefuegt
[16]myNode_16 Hinterlegter Knoten: 15 Sender ID: 3
[16]myNode_16 42 in (diesem) Knoten 16 eingefuegt
[16]myNode_16 Hinterlegter Knoten: 15 Sender ID: 3
[16]myNode_16 42 in (diesem) Knoten 16 eingefuegt
[16]myNode_16 Hinterlegter Knoten: 15 Sender ID: 3
[16]myNode_16 42 in (diesem) Knoten 16 eingefuegt
[16]myNode_16 Hinterlegter Knoten: 15 Sender ID: 14
[16]myNode_16 42 in (diesem) Knoten 16 eingefuegt
[16]myNode_16 Hinterlegter Knoten: 15 Sender ID: 14
[16]myNode_16 42 in (diesem) Knoten 16 eingefuegt
[16]myNode_16 Hinterlegter Knoten: 15 Sender ID: 14
[16]myNode_16 42 in (diesem) Knoten 16 eingefuegt
[16]myNode_16 Hinterlegter Knoten: 15 Sender ID: 14
[16]myNode_16 42 in (diesem) Knoten 16 eingefuegt
[16]myNode_16 Hinterlegter Knoten: 15 Sender ID: 14
[16]myNode_16 42 in (diesem) Knoten 16 eingefuegt
[16]myNode_16 Hinterlegter Knoten: 15 Sender ID: 20
[16]myNode_16 42 in (diesem) Knoten 16 eingefuegt
[16]myNode_16 Hinterlegter Knoten: 15 Sender ID: 20
[16]myNode_16 42 in (diesem) Knoten 16 eingefuegt
[16]myNode_16 Hinterlegter Knoten: 15 Sender ID: 20
[16]myNode_16 42 in (diesem) Knoten 16 eingefuegt
[16]myNode_16 Hinterlegter Knoten: 15 Sender ID: 20
[16]myNode_16 42 in (diesem) Knoten 16 eingefuegt
[16]myNode_16 Hinterlegter Knoten: 15 Sender ID: 20
[17]myNode_17 42 in (diesem) Knoten 17 eingefuegt
[17]myNode_17 Hinterlegter Knoten: 15 Sender ID: 7
[17]myNode_17 42 in (diesem) Knoten 17 eingefuegt
[17]myNode_17 Hinterlegter Knoten: 15 Sender ID: 7
[17]myNode_17 42 in (diesem) Knoten 17 eingefuegt
[17]myNode_17 Hinterlegter Knoten: 15 Sender ID: 7
[17]myNode_17 42 in (diesem) Knoten 17 eingefuegt
[17]myNode_17 Hinterlegter Knoten: 15 Sender ID: 7
[17]myNode_17 42 in (diesem) Knoten 17 eingefuegt
[17]myNode_17 Hinterlegter Knoten: 15 Sender ID: 7
[17]myNode_17 42 in (diesem) Knoten 17 eingefuegt
[17]myNode_17 Hinterlegter Knoten: 15 Sender ID: 1
[17]myNode_17 42 in (diesem) Knoten 17 eingefuegt
[17]myNode_17 Hinterlegter Knoten: 15 Sender ID: 1
[17]myNode_17 42 in (diesem) Knoten 17 eingefuegt
[17]myNode_17 Hinterlegter Knoten: 15 Sender ID: 1
[17]myNode_17 42 in (diesem) Knoten 17 eingefuegt
[17]myNode_17 Hinterlegter Knoten: 15 Sender ID: 1
[17]myNode_17 42 in (diesem) Knoten 17 eingefuegt
[17]myNode_17 Hinterlegter Knoten: 15 Sender ID: 1
[17]myNode_17 42 in (diesem) Knoten 17 eingefuegt
[17]myNode_17 Hinterlegter Knoten: 15 Sender ID: 4
[17]myNode_17 42 in (diesem) Knoten 17 eingefuegt
[17]myNode_17 Hinterlegter Knoten: 15 Sender ID: 4
[17]myNode_17 42 in (diesem) Knoten 17 eingefuegt
[17]myNode_17 Hinterlegter Knoten: 15 Sender ID: 4
[17]myNode_17 42 in (diesem) Knoten 17 eingefuegt
[17]myNode_17 Hinterlegter Knoten: 15 Sender ID: 4
[17]myNode_17 42 in (diesem) Knoten 17 eingefuegt
[17]myNode_17 Hinterlegter Knoten: 15 Sender ID: 4
[17]myNode_17 42 in (diesem) Knoten 17 eingefuegt
[17]myNode_17 Hinterlegter Knoten: 15 Sender ID: 8
[17]myNode_17 42 in (diesem) Knoten 17 eingefuegt
[17]myNode_17 Hinterlegter Knoten: 15 Sender ID: 8
[17]myNode_17 42 in (diesem) Knoten 17 eingefuegt
[17]myNode_17 Hinterlegter Knoten: 15 Sender ID: 8
[17]myNode_17 42 in (diesem) Knoten 17 eingefuegt
[17]myNode_17 Hinterlegter Knoten: 15 Sender ID: 8
[17]myNode_17 42 in (diesem) Knoten 17 eingefuegt
[17]myNode_17 Hinterlegter Knoten: 15 Sender ID: 8
[17]myNode_17 42 in (diesem) Knoten 17 eingefuegt
[17]myNode_17 Hinterlegter Knoten: 15 Sender ID: 3
[17]myNode_17 42 in (diesem) Knoten 17 eingefuegt
[17]myNode_17 Hinterlegter Knoten: 15 Sender ID: 3
[17]myNode_17 42 in (diesem) Knoten 17 eingefuegt
[17]myNode_17 Hinterlegter Knoten: 15 Sender ID: 3
[17]myNode_17 42 in (diesem) Knoten 17 eingefuegt
[17]myNode_17 Hinterlegter Knoten: 15 Sender ID: 3
[17]myNode_17 42 in (diesem) Knoten 17 eingefuegt
[17]myNode_17 Hinterlegter Knoten: 15 Sender ID: 3
[17]myNode_17 42 in (diesem) Knoten 17 eingefuegt
[17]myNode_17 Hinterlegter Knoten: 15 Sender ID: 14
[17]myNode_17 42 in (diesem) Knoten 17 eingefuegt
[17]myNode_17 Hinterlegter Knoten: 15 Sender ID: 14
[17]myNode_17 42 in (diesem) Knoten 17 eingefuegt
[17]myNode_17 Hinterlegter Knoten: 15 Sender ID: 14
[17]myNode_17 42 in (diesem) Knoten 17 eingefuegt
[17]myNode_17 Hinterlegter Knoten: 15 Sender ID: 14
[17]myNode_17 42 in (diesem) Knoten 17 eingefuegt
[17]myNode_17 Hinterlegter Knoten: 15 Sender ID: 14
[17]myNode_17 42 in (diesem) Knoten 17 eingefuegt
[17]myNode_17 Hinterlegter Knoten: 15 Sender ID: 20
[17]myNode_17 42 in (diesem) Knoten 17 eingefuegt
[17]myNode_17 Hinterlegter Knoten: 15 Sender ID: 20
[17]myNode_17 42 in (diesem) Knoten 17 eingefuegt
[17]myNode_17 Hinterlegter Knoten: 15 Sender ID: 20
[17]myNode_17 42 in (diesem) Knoten 17 eingefuegt
[17]myNode_17 Hinterlegter Knoten: 15 Sender ID: 20
[17]myNode_17 42 in (diesem) Knoten 17 eingefuegt
[17]myNode_17 Hinterlegter Knoten: 15 Sender ID: 20
[15]myNode_15 BENCHMARK STOP
[15]myNode_15 42 befindet sich bereits in der Hashtabelle
